2024-11-27 20:30:36,761 - Entered number 1: 1.0
2024-11-27 20:30:37,845 - Entered number 2: 3.0
2024-11-27 20:30:39,040 - Chosen operation: 2
2024-11-27 20:30:39,040 - Operation: subtraction, Numbers: 1.0, 3.0, Result: -2.0
2024-11-27 20:30:43,576 - Entered number 1: 4.0
2024-11-27 20:30:43,927 - Entered number 2: 3.0
2024-11-27 20:30:44,409 - User entered invalid value for operation.
2024-11-27 20:30:44,893 - Entered number 1: 3.0
2024-11-27 20:30:45,943 - Entered number 2: 2.0
2024-11-27 20:30:46,820 - Chosen operation: 2
2024-11-27 20:30:46,820 - Operation: subtraction, Numbers: 3.0, 2.0, Result: 1.0
2024-11-27 20:30:50,166 - User exited the program.
2024-11-27 20:31:22,968 - Entered number 1: 5.0
2024-11-27 20:31:23,516 - Entered number 2: 6.0
2024-11-27 20:31:24,655 - Chosen operation: 2
2024-11-27 20:31:24,655 - Operation: subtraction, Numbers: 5.0, 6.0, Result: -1.0
2024-11-27 20:31:27,690 - User exited the program.
2024-11-27 22:08:42,924 - Entered number 1: 5.0
2024-11-27 22:08:44,041 - User entered invalid value for number 2.
2024-11-27 22:08:45,410 - Entered number 1: 5.0
2024-11-27 22:08:46,256 - Entered number 2: 4.0
2024-11-27 22:08:48,624 - Chosen operation: 2
2024-11-27 22:08:48,624 - Operation: subtraction, Numbers: 5.0, 4.0, Result: 1.0
2024-11-27 22:08:57,493 - User exited the program.
2024-11-27 22:09:37,488 - Entered number 1: 4.0
2024-11-27 22:09:37,636 - User entered invalid value for number 2.
2024-11-27 22:09:38,352 - Entered number 1: 5.0
2024-11-27 22:09:38,923 - Entered number 2: 6.0
2024-11-27 22:09:40,479 - Chosen operation: 2
2024-11-27 22:09:40,479 - Operation: subtraction, Numbers: 5.0, 6.0, Result: -1.0
2024-11-27 22:09:42,522 - Entered number 1: 3.0
2024-11-27 22:09:43,099 - Entered number 2: 2.0
2024-11-27 22:09:44,415 - Chosen operation: 2
2024-11-27 22:09:44,416 - Operation: subtraction, Numbers: 3.0, 2.0, Result: 1.0
2024-11-27 22:09:47,619 - User exited the program.
2024-11-27 22:16:50,179 - Entered number 1: 4.0
2024-11-27 22:16:50,789 - Entered number 2: 5.0
2024-11-27 22:16:52,189 - Chosen operation: 2
2024-11-27 22:16:52,189 - Operation: subtraction, Numbers: 4.0, 5.0, Result: -1.0
2024-11-27 22:16:57,044 - User exited the program.
2024-11-28 08:46:37,305 - Entered number 1: 4.0
2024-11-28 08:46:37,927 - Entered number 2: 3.0
2024-11-28 08:46:39,174 - Chosen operation: 5
2024-11-28 08:46:39,174 - User entered invalid operation number: 5
2024-11-28 08:46:39,788 - Entered number 1: 3.0
2024-11-28 08:46:41,901 - Entered number 2: 2.0
2024-11-28 08:46:43,571 - Chosen operation: 2
2024-11-28 08:46:43,571 - Operation: subtraction, Numbers: 3.0, 2.0, Result: 1.0
2024-11-28 08:46:48,461 - User exited the program.
2024-11-28 08:46:57,324 - Entered number 1: 1.0
2024-11-28 08:46:58,084 - Entered number 2: 3.0
2024-11-28 08:46:59,512 - Chosen operation: 4
2024-11-28 08:46:59,512 - Operation: multiplication, Numbers: 1.0, 3.0, Result: 3.0
2024-11-28 08:47:02,078 - Entered number 1: 2.0
2024-11-28 08:47:02,788 - Entered number 2: 3.0
2024-11-28 08:47:03,675 - Chosen operation: 4
2024-11-28 08:47:03,675 - Operation: multiplication, Numbers: 2.0, 3.0, Result: 6.0
2024-11-28 08:47:09,796 - User exited the program.
